<?xml version="1.0" encoding="UTF-8"?>
<testsuite xmlns:xsi="http://www.w3.org/2001/XMLSchema-instance" xsi:noNamespaceSchemaLocation="https://maven.apache.org/surefire/maven-surefire-plugin/xsd/surefire-test-report.xsd" version="3.0.2" name="com.example.reg.StudentformApplicationTests" time="12.043" tests="1" errors="0" skipped="0" failures="0">
  <properties>
[...]
</properties>
  <testcase name="contextLoads" classname="com.example.reg.StudentformApplicationTests" time="0.857">
    <system-out><![CDATA[17:53:05.725 [main] INFO org.springframework.test.context.support.AnnotationConfigContextLoaderUtils -- Could not detect default configuration classes for test class [com.example.reg.StudentformApplicationTests]: StudentformApplicationTests does not declare any static, non-private, non-final, nested classes annotated with @Configuration.
17:53:05.963 [main] INFO org.springframework.boot.test.context.SpringBootTestContextBootstrapper -- Found @SpringBootConfiguration com.example.reg.StudentformApplication for test class com.example.reg.StudentformApplicationTests
17:53:06.391 [main] INFO org.springframework.boot.devtools.restart.RestartApplicationListener -- Restart disabled due to context in which it is running

  .   ____          _            __ _ _
 /\\ / ___'_ __ _ _(_)_ __  __ _ \ \ \ \
( ( )\___ | '_ | '_| | '_ \/ _` | \ \ \ \
 \\/  ___)| |_)| | | | | || (_| |  ) ) ) )
  '  |____| .__|_| |_|_| |_\__, | / / / /
 =========|_|==============|___/=/_/_/_/

 :: Spring Boot ::                (v3.4.3)

2025-03-10T17:53:06.956+05:30  INFO 3504 --- [studentform] [           main] c.e.reg.StudentformApplicationTests      : Starting StudentformApplicationTests using Java 17.0.12 with PID 3504 (started by Leela in D:\dialy_tasks\spring_app\microservices\studentform)
2025-03-10T17:53:06.961+05:30  INFO 3504 --- [studentform] [           main] c.e.reg.StudentformApplicationTests      : No active profile set, falling back to 1 default profile: "default"
2025-03-10T17:53:08.896+05:30  INFO 3504 --- [studentform] [           main] .s.d.r.c.RepositoryConfigurationDelegate : Bootstrapping Spring Data JPA repositories in DEFAULT mode.
2025-03-10T17:53:08.998+05:30  INFO 3504 --- [studentform] [           main] .s.d.r.c.RepositoryConfigurationDelegate : Finished Spring Data repository scanning in 83 ms. Found 1 JPA repository interface.
2025-03-10T17:53:10.310+05:30  INFO 3504 --- [studentform] [           main] o.hibernate.jpa.internal.util.LogHelper  : HHH000204: Processing PersistenceUnitInfo [name: default]
2025-03-10T17:53:10.472+05:30  INFO 3504 --- [studentform] [           main] org.hibernate.Version                    : HHH000412: Hibernate ORM core version 6.6.8.Final
2025-03-10T17:53:10.574+05:30  INFO 3504 --- [studentform] [           main] o.h.c.internal.RegionFactoryInitiator    : HHH000026: Second-level cache disabled
2025-03-10T17:53:11.351+05:30  INFO 3504 --- [studentform] [           main] o.s.o.j.p.SpringPersistenceUnitInfo      : No LoadTimeWeaver setup: ignoring JPA class transformer
2025-03-10T17:53:11.427+05:30  INFO 3504 --- [studentform] [           main] com.zaxxer.hikari.HikariDataSource       : HikariPool-1 - Starting...
2025-03-10T17:53:11.828+05:30  INFO 3504 --- [studentform] [           main] com.zaxxer.hikari.pool.HikariPool        : HikariPool-1 - Added connection conn0: url=jdbc:h2:mem:testdb user=SA
2025-03-10T17:53:11.831+05:30  INFO 3504 --- [studentform] [           main] com.zaxxer.hikari.HikariDataSource       : HikariPool-1 - Start completed.
2025-03-10T17:53:11.896+05:30  WARN 3504 --- [studentform] [           main] org.hibernate.orm.deprecation            : HHH90000025: H2Dialect does not need to be specified explicitly using 'hibernate.dialect' (remove the property setting and it will be selected by default)
2025-03-10T17:53:11.945+05:30  INFO 3504 --- [studentform] [           main] org.hibernate.orm.connections.pooling    : HHH10001005: Database info:
	Database JDBC URL [Connecting through datasource 'HikariDataSource (HikariPool-1)']
	Database driver: undefined/unknown
	Database version: 2.3.232
	Autocommit mode: undefined/unknown
	Isolation level: undefined/unknown
	Minimum pool size: undefined/unknown
	Maximum pool size: undefined/unknown
2025-03-10T17:53:13.205+05:30  INFO 3504 --- [studentform] [           main] o.h.e.t.j.p.i.JtaPlatformInitiator       : HHH000489: No JTA platform available (set 'hibernate.transaction.jta.platform' to enable JTA platform integration)
Hibernate: drop table if exists student cascade 
Hibernate: create table student (email varchar(255) not null, name varchar(255), pass varchar(255), primary key (email))
2025-03-10T17:53:13.254+05:30  INFO 3504 --- [studentform] [           main] j.LocalContainerEntityManagerFactoryBean : Initialized JPA EntityManagerFactory for persistence unit 'default'
2025-03-10T17:53:14.297+05:30  WARN 3504 --- [studentform] [           main] JpaBaseConfiguration$JpaWebConfiguration : spring.jpa.open-in-view is enabled by default. Therefore, database queries may be performed during view rendering. Explicitly configure spring.jpa.open-in-view to disable this warning
2025-03-10T17:53:16.094+05:30  INFO 3504 --- [studentform] [           main] o.s.b.a.h2.H2ConsoleAutoConfiguration    : H2 console available at '/h2-console'. Database available at 'jdbc:h2:mem:testdb'
2025-03-10T17:53:16.229+05:30  INFO 3504 --- [studentform] [           main] o.s.b.a.e.web.EndpointLinksResolver      : Exposing 1 endpoint beneath base path '/actuator'
2025-03-10T17:53:16.375+05:30  INFO 3504 --- [studentform] [           main] c.e.reg.StudentformApplicationTests      : Started StudentformApplicationTests in 10.034 seconds (process running for 12.051)
]]></system-out>
  </testcase>
</testsuite>